
extDB3: https://bitbucket.org/torndeco/extdb3/wiki/Home
extDB3: Version: 1.031
extDB3: Windows Version
Message: All development for extDB3 is done on a Linux Dedicated Server
Message: If you would like to Donate to extDB3 Development
Message: https://www.paypal.com/cgi-bin/webscr?cmd=_s-xclick&hosted_button_id=2SUEFTGABTAM2
Message: Also leave a message if there is any particular feature you would like to see added.
Message: Thanks for all the people that have donated.
Message: Torndeco: 18/05/15


extDB3: Found extdb3-conf.ini
extDB3: Detected 32 Cores, Setting up 6 Worker Threads
extDB3: ...
extDB3: ...
extDB3: ...
extDB3: ...
extDB3: ...
extDB3: ...


[08:21:16:371895 -07:00] [Thread 16800] extDB3: Locked
[08:21:39:668154 -07:00] [Thread 40300] extDB3: SQL: Error MariaDBStatementException1: Duplicate entry 'BSF3' for key 'PRIMARY'
[08:21:39:668158 -07:00] [Thread 38144] extDB3: SQL: Error MariaDBStatementException1: Duplicate entry 'BSF4' for key 'PRIMARY'
[08:21:39:668192 -07:00] [Thread 40340] extDB3: SQL: Error MariaDBStatementException1: Duplicate entry 'BSF2' for key 'PRIMARY'
[08:21:39:668456 -07:00] [Thread 40340] extDB3: SQL: Error MariaDBStatementException1: Input: createNewListing:BSF2:1:["rhs_10Rnd_762x39mm_U"]:3750:BSF_Server
[08:21:39:668343 -07:00] [Thread 40300] extDB3: SQL: Error MariaDBStatementException1: Input: createNewListing:BSF3:1:["200Rnd_556x45_Box_F"]:15000:BSF_Server
[08:21:39:668398 -07:00] [Thread 38144] extDB3: SQL: Error MariaDBStatementException1: Input: createNewListing:BSF4:1:["rhs_mag_20Rnd_556x45_M200_Stanag"]:1250:BSF_Server
