
extDB3: https://bitbucket.org/torndeco/extdb3/wiki/Home
extDB3: Version: 1.031
extDB3: Windows Version
Message: All development for extDB3 is done on a Linux Dedicated Server
Message: If you would like to Donate to extDB3 Development
Message: https://www.paypal.com/cgi-bin/webscr?cmd=_s-xclick&hosted_button_id=2SUEFTGABTAM2
Message: Also leave a message if there is any particular feature you would like to see added.
Message: Thanks for all the people that have donated.
Message: Torndeco: 18/05/15


extDB3: Found extdb3-conf.ini
extDB3: Detected 32 Cores, Setting up 6 Worker Threads
extDB3: ...
extDB3: ...
extDB3: ...
extDB3: ...
extDB3: ...
extDB3: ...


[08:37:13:264562 -07:00] [Thread 26900] extDB3: Locked
[09:39:47:795072 -07:00] [Thread 26900] extDB3: SQL: Error MariaDBStatementException0: Unknown column 'reborn_infected' in 'field list'
[09:39:47:795134 -07:00] [Thread 26900] extDB3: SQL: Error MariaDBStatementException0: Input: getAccountStats:76561197979791907
[09:43:21:317095 -07:00] [Thread 26900] extDB3: SQL: Error MariaDBStatementException0: Unknown column 'reborn_infected' in 'field list'
[09:43:21:317138 -07:00] [Thread 26900] extDB3: SQL: Error MariaDBStatementException0: Input: getAccountStats:76561197979791907
