
extDB3: https://bitbucket.org/torndeco/extdb3/wiki/Home
extDB3: Version: 1.031
extDB3: Windows Version
Message: All development for extDB3 is done on a Linux Dedicated Server
Message: If you would like to Donate to extDB3 Development
Message: https://www.paypal.com/cgi-bin/webscr?cmd=_s-xclick&hosted_button_id=2SUEFTGABTAM2
Message: Also leave a message if there is any particular feature you would like to see added.
Message: Thanks for all the people that have donated.
Message: Torndeco: 18/05/15


extDB3: Found extdb3-conf.ini
extDB3: Detected 32 Cores, Setting up 6 Worker Threads
extDB3: ...
extDB3: ...
extDB3: ...
extDB3: ...
extDB3: ...
extDB3: ...


[09:49:04:056389 -07:00] [Thread 51592] extDB3: Locked
[09:49:26:905443 -07:00] [Thread 18640] extDB3: SQL: Error MariaDBStatementException1: Duplicate entry 'BSF3' for key 'PRIMARY'
[09:49:26:905466 -07:00] [Thread 4724] extDB3: SQL: Error MariaDBStatementException1: Duplicate entry 'BSF5' for key 'PRIMARY'
[09:49:26:905473 -07:00] [Thread 18640] extDB3: SQL: Error MariaDBStatementException1: Input: createNewListing:BSF3:1:["rhsusf_100Rnd_556x45_soft_pouch"]:7500:BSF_Server
[09:49:26:905473 -07:00] [Thread 19372] extDB3: SQL: Error MariaDBStatementException1: Duplicate entry 'BSF4' for key 'PRIMARY'
[09:49:26:905507 -07:00] [Thread 19372] extDB3: SQL: Error MariaDBStatementException1: Input: createNewListing:BSF4:1:["30Rnd_545x39_Mag_F"]:1750:BSF_Server
[09:49:26:905485 -07:00] [Thread 4724] extDB3: SQL: Error MariaDBStatementException1: Input: createNewListing:BSF5:1:["rhs_mag_9x18_12_57N181S"]:750:BSF_Server
[09:49:26:905632 -07:00] [Thread 22136] extDB3: SQL: Error MariaDBStatementException1: Duplicate entry 'BSF1' for key 'PRIMARY'
[09:49:26:905735 -07:00] [Thread 1384] extDB3: SQL: Error MariaDBStatementException1: Duplicate entry 'BSF2' for key 'PRIMARY'
[09:49:26:905748 -07:00] [Thread 1384] extDB3: SQL: Error MariaDBStatementException1: Input: createNewListing:BSF2:1:["rhsusf_5Rnd_doomsday_Buck"]:8500:BSF_Server
[09:49:26:905743 -07:00] [Thread 22136] extDB3: SQL: Error MariaDBStatementException1: Input: createNewListing:BSF1:1:["rhs_mine_tm62m_mag"]:25000:BSF_Server
[09:49:26:905769 -07:00] [Thread 18640] extDB3: SQL: Error MariaDBStatementException1: Duplicate entry 'BSF6' for key 'PRIMARY'
[09:49:26:905787 -07:00] [Thread 18640] extDB3: SQL: Error MariaDBStatementException1: Input: createNewListing:BSF6:1:["30Rnd_9x21_Mag"]:750:BSF_Server
