
extDB3: https://bitbucket.org/torndeco/extdb3/wiki/Home
extDB3: Version: 1.031
extDB3: Windows Version
Message: All development for extDB3 is done on a Linux Dedicated Server
Message: If you would like to Donate to extDB3 Development
Message: https://www.paypal.com/cgi-bin/webscr?cmd=_s-xclick&hosted_button_id=2SUEFTGABTAM2
Message: Also leave a message if there is any particular feature you would like to see added.
Message: Thanks for all the people that have donated.
Message: Torndeco: 18/05/15


extDB3: Found extdb3-conf.ini
extDB3: Detected 32 Cores, Setting up 6 Worker Threads
extDB3: ...
extDB3: ...
extDB3: ...
extDB3: ...
extDB3: ...
extDB3: ...


[08:45:53:074881 -07:00] [Thread 50788] extDB3: Locked
[08:46:16:336142 -07:00] [Thread 20996] extDB3: SQL: Error MariaDBStatementException1: Duplicate entry 'BSF3' for key 'PRIMARY'
[08:46:16:336198 -07:00] [Thread 20996] extDB3: SQL: Error MariaDBStatementException1: Input: createNewListing:BSF3:1:["rhsusf_8Rnd_00Buck"]:800:BSF_Server
[08:46:16:336218 -07:00] [Thread 55112] extDB3: SQL: Error MariaDBStatementException1: Duplicate entry 'BSF2' for key 'PRIMARY'
[08:46:16:336246 -07:00] [Thread 55112] extDB3: SQL: Error MariaDBStatementException1: Input: createNewListing:BSF2:1:["150Rnd_93x64_Mag"]:15500:BSF_Server
